<?xml version="1.0" encoding="UTF-8"?>
<testsuite name="com.cryptoportfolio.model.SecurityTest" tests="3" skipped="0" failures="0" errors="0" timestamp="2025-04-01T12:25:24" hostname="Nicks-MacBook-Pro.local" time="0.002">
  <properties/>
  <testcase name="testPutOptionPricing" classname="com.cryptoportfolio.model.SecurityTest" time="0.001"/>
  <testcase name="testStockPricing" classname="com.cryptoportfolio.model.SecurityTest" time="0.0"/>
  <testcase name="testCallOptionPricing" classname="com.cryptoportfolio.model.SecurityTest" time="0.0"/>
  <system-out><![CDATA[]]></system-out>
  <system-err><![CDATA[]]></system-err>
</testsuite>
